FuncComposite/build/outputs/logs/manifest-merger-debug-report.txt
-- Merging decision tree log ---
manifest
ADDED from PhysicsAndroid/FuncComposite/AndroidManifest.xml:2:1-26:12
	package
		ADDED from PhysicsAndroid/FuncComposite/AndroidManifest.xml:3:5-48
	android:versionName
		ADDED from PhysicsAndroid/FuncComposite/AndroidManifest.xml:5:5-30
		INJECTED from PhysicsAndroid/FuncComposite/AndroidManifest.xml
		INJECTED from PhysicsAndroid/FuncComposite/AndroidManifest.xml
	android:versionCode
		ADDED from PhysicsAndroid/FuncComposite/AndroidManifest.xml:4:5-28
		INJECTED from PhysicsAndroid/FuncComposite/AndroidManifest.xml
		INJECTED from PhysicsAndroid/FuncComposite/AndroidManifest.xml
	xmlns:android
		ADDED from PhysicsAndroid/FuncComposite/AndroidManifest.xml:2:11-69
uses-sdk
ADDED from PhysicsAndroid/FuncComposite/AndroidManifest.xml:7:5-9:40
	android:targetSdkVersion
		ADDED from PhysicsAndroid/FuncComposite/AndroidManifest.xml:9:9-37
	android:minSdkVersion
		ADDED from PhysicsAndroid/FuncComposite/AndroidManifest.xml:8:9-34
application
ADDED from PhysicsAndroid/FuncComposite/AndroidManifest.xml:11:5-24:19
	android:label
		ADDED from PhysicsAndroid/FuncComposite/AndroidManifest.xml:14:9-41
	android:allowBackup
		ADDED from PhysicsAndroid/FuncComposite/AndroidManifest.xml:12:9-35
	android:icon
		ADDED from PhysicsAndroid/FuncComposite/AndroidManifest.xml:13:9-45
activity#jp.ac.u_ryukyu.phys.funccomposite.MainActivity
ADDED from PhysicsAndroid/FuncComposite/AndroidManifest.xml:15:9-23:20
	android:screenOrientation
		ADDED from PhysicsAndroid/FuncComposite/AndroidManifest.xml:17:46-83
	android:label
		ADDED from PhysicsAndroid/FuncComposite/AndroidManifest.xml:17:13-45
	android:name
		ADDED from PhysicsAndroid/FuncComposite/AndroidManifest.xml:16:13-74
intent-filter#android.intent.action.MAIN+android.intent.category.LAUNCHER
ADDED from PhysicsAndroid/FuncComposite/AndroidManifest.xml:18:13-22:29
action#android.intent.action.MAIN
ADDED from PhysicsAndroid/FuncComposite/AndroidManifest.xml:19:17-69
	android:name
		ADDED from PhysicsAndroid/FuncComposite/AndroidManifest.xml:19:25-66
category#android.intent.category.LAUNCHER
ADDED from PhysicsAndroid/FuncComposite/AndroidManifest.xml:21:17-77
	android:name
		ADDED from PhysicsAndroid/FuncComposite/AndroidManifest.xml:21:27-74